This file contains any messages produced by compilers while
running configure, to aid debugging if configure makes a mistake.

It was created by QjackCtl configure 0.5.2, which was
generated by GNU Autoconf 2.69.  Invocation command line was

  $ ./configure 

## --------- ##
## Platform. ##
## --------- ##

hostname = cleanertp2
uname -m = x86_64
uname -r = 3.13.0-151-generic
uname -s = Linux
uname -v = #201-Ubuntu SMP Wed May 30 14:22:13 UTC 2018

/usr/bin/uname -p = unknown
/bin/uname -X     = unknown

/bin/arch              = unknown
/usr/bin/arch -k       = unknown
/usr/convex/getsysinfo = unknown
/usr/bin/hostinfo      = unknown
/bin/machine           = unknown
/usr/bin/oslevel       = unknown
/bin/universe          = unknown

PATH: /home/cleaner/perl5/bin
PATH: /usr/local/sbin
PATH: /usr/local/bin
PATH: /usr/sbin
PATH: /usr/bin
PATH: /sbin
PATH: /bin
PATH: /usr/games
PATH: /usr/local/games


## ----------- ##
## Core tests. ##
## ----------- ##

configure:2649: checking for gcc
configure:2665: found /usr/bin/gcc
configure:2676: result: gcc
configure:2905: checking for C compiler version
configure:2914: gcc --version >&5
gcc (Ubuntu 4.8.4-2ubuntu1~14.04.4) 4.8.4
Copyright (C) 2013 Free Software Foundation, Inc.
This is free software; see the source for copying conditions.  There is NO
warranty; not even for MERCHANTABILITY or FITNESS FOR A PARTICULAR PURPOSE.

configure:2925: $? = 0
configure:2914: gcc -v >&5
Using built-in specs.
COLLECT_GCC=gcc
COLLECT_LTO_WRAPPER=/usr/lib/gcc/x86_64-linux-gnu/4.8/lto-wrapper
Target: x86_64-linux-gnu
Configured with: ../src/configure -v --with-pkgversion='Ubuntu 4.8.4-2ubuntu1~14.04.4' --with-bugurl=file:///usr/share/doc/gcc-4.8/README.Bugs --enable-languages=c,c++,java,go,d,fortran,objc,obj-c++ --prefix=/usr --program-suffix=-4.8 --enable-shared --enable-linker-build-id --libexecdir=/usr/lib --without-included-gettext --enable-threads=posix --with-gxx-include-dir=/usr/include/c++/4.8 --libdir=/usr/lib --enable-nls --with-sysroot=/ --enable-clocale=gnu --enable-libstdcxx-debug --enable-libstdcxx-time=yes --enable-gnu-unique-object --disable-libmudflap --enable-plugin --with-system-zlib --disable-browser-plugin --enable-java-awt=gtk --enable-gtk-cairo --with-java-home=/usr/lib/jvm/java-1.5.0-gcj-4.8-amd64/jre --enable-java-home --with-jvm-root-dir=/usr/lib/jvm/java-1.5.0-gcj-4.8-amd64 --with-jvm-jar-dir=/usr/lib/jvm-exports/java-1.5.0-gcj-4.8-amd64 --with-arch-directory=amd64 --with-ecj-jar=/usr/share/java/eclipse-ecj.jar --enable-objc-gc --enable-multiarch --disable-werror --with-arch-32=i686 --with-abi=m64 --with-multilib-list=m32,m64,mx32 --with-tune=generic --enable-checking=release --build=x86_64-linux-gnu --host=x86_64-linux-gnu --target=x86_64-linux-gnu
Thread model: posix
gcc version 4.8.4 (Ubuntu 4.8.4-2ubuntu1~14.04.4) 
configure:2925: $? = 0
configure:2914: gcc -V >&5
gcc: error: unrecognized command line option '-V'
gcc: fatal error: no input files
compilation terminated.
configure:2925: $? = 4
configure:2914: gcc -qversion >&5
gcc: error: unrecognized command line option '-qversion'
gcc: fatal error: no input files
compilation terminated.
configure:2925: $? = 4
configure:2945: checking whether the C compiler works
configure:2967: gcc    conftest.c  >&5
configure:2971: $? = 0
configure:3019: result: yes
configure:3022: checking for C compiler default output file name
configure:3024: result: a.out
configure:3030: checking for suffix of executables
configure:3037: gcc -o conftest    conftest.c  >&5
configure:3041: $? = 0
configure:3063: result: 
configure:3085: checking whether we are cross compiling
configure:3093: gcc -o conftest    conftest.c  >&5
configure:3097: $? = 0
configure:3104: ./conftest
configure:3108: $? = 0
configure:3123: result: no
configure:3128: checking for suffix of object files
configure:3150: gcc -c   conftest.c >&5
configure:3154: $? = 0
configure:3175: result: o
configure:3179: checking whether we are using the GNU C compiler
configure:3198: gcc -c   conftest.c >&5
configure:3198: $? = 0
configure:3207: result: yes
configure:3216: checking whether gcc accepts -g
configure:3236: gcc -c -g  conftest.c >&5
configure:3236: $? = 0
configure:3277: result: yes
configure:3294: checking for gcc option to accept ISO C89
configure:3357: gcc  -c -g -O2  conftest.c >&5
configure:3357: $? = 0
configure:3370: result: none needed
configure:3395: checking how to run the C preprocessor
configure:3426: gcc -E  conftest.c
configure:3426: $? = 0
configure:3440: gcc -E  conftest.c
conftest.c:16:28: fatal error: ac_nonexistent.h: No such file or directory
 #include <ac_nonexistent.h>
                            ^
compilation terminated.
configure:3440: $? = 1
configure: failed program was:
| /* confdefs.h */
| #define PACKAGE_NAME "QjackCtl"
| #define PACKAGE_TARNAME "qjackctl"
| #define PACKAGE_VERSION "0.5.2"
| #define PACKAGE_STRING "QjackCtl 0.5.2"
| #define PACKAGE_BUGREPORT "rncbc@rncbc.org"
| #define PACKAGE_URL ""
| #define CONFIG_BUILD_VERSION "0.5.2"
| #define CONFIG_VERSION "0.5.2"
| #define CONFIG_PREFIX "/usr/local"
| #define CONFIG_BINDIR "/usr/local/bin"
| #define CONFIG_LIBDIR "/usr/local/lib"
| #define CONFIG_DATADIR "/usr/local/share"
| #define CONFIG_MANDIR "/usr/local/share/man"
| /* end confdefs.h.  */
| #include <ac_nonexistent.h>
configure:3465: result: gcc -E
configure:3485: gcc -E  conftest.c
configure:3485: $? = 0
configure:3499: gcc -E  conftest.c
conftest.c:16:28: fatal error: ac_nonexistent.h: No such file or directory
 #include <ac_nonexistent.h>
                            ^
compilation terminated.
configure:3499: $? = 1
configure: failed program was:
| /* confdefs.h */
| #define PACKAGE_NAME "QjackCtl"
| #define PACKAGE_TARNAME "qjackctl"
| #define PACKAGE_VERSION "0.5.2"
| #define PACKAGE_STRING "QjackCtl 0.5.2"
| #define PACKAGE_BUGREPORT "rncbc@rncbc.org"
| #define PACKAGE_URL ""
| #define CONFIG_BUILD_VERSION "0.5.2"
| #define CONFIG_VERSION "0.5.2"
| #define CONFIG_PREFIX "/usr/local"
| #define CONFIG_BINDIR "/usr/local/bin"
| #define CONFIG_LIBDIR "/usr/local/lib"
| #define CONFIG_DATADIR "/usr/local/share"
| #define CONFIG_MANDIR "/usr/local/share/man"
| /* end confdefs.h.  */
| #include <ac_nonexistent.h>
configure:3585: checking for g++
configure:3601: found /usr/bin/g++
configure:3612: result: g++
configure:3639: checking for C++ compiler version
configure:3648: g++ --version >&5
g++ (Ubuntu 4.8.4-2ubuntu1~14.04.4) 4.8.4
Copyright (C) 2013 Free Software Foundation, Inc.
This is free software; see the source for copying conditions.  There is NO
warranty; not even for MERCHANTABILITY or FITNESS FOR A PARTICULAR PURPOSE.

configure:3659: $? = 0
configure:3648: g++ -v >&5
Using built-in specs.
COLLECT_GCC=g++
COLLECT_LTO_WRAPPER=/usr/lib/gcc/x86_64-linux-gnu/4.8/lto-wrapper
Target: x86_64-linux-gnu
Configured with: ../src/configure -v --with-pkgversion='Ubuntu 4.8.4-2ubuntu1~14.04.4' --with-bugurl=file:///usr/share/doc/gcc-4.8/README.Bugs --enable-languages=c,c++,java,go,d,fortran,objc,obj-c++ --prefix=/usr --program-suffix=-4.8 --enable-shared --enable-linker-build-id --libexecdir=/usr/lib --without-included-gettext --enable-threads=posix --with-gxx-include-dir=/usr/include/c++/4.8 --libdir=/usr/lib --enable-nls --with-sysroot=/ --enable-clocale=gnu --enable-libstdcxx-debug --enable-libstdcxx-time=yes --enable-gnu-unique-object --disable-libmudflap --enable-plugin --with-system-zlib --disable-browser-plugin --enable-java-awt=gtk --enable-gtk-cairo --with-java-home=/usr/lib/jvm/java-1.5.0-gcj-4.8-amd64/jre --enable-java-home --with-jvm-root-dir=/usr/lib/jvm/java-1.5.0-gcj-4.8-amd64 --with-jvm-jar-dir=/usr/lib/jvm-exports/java-1.5.0-gcj-4.8-amd64 --with-arch-directory=amd64 --with-ecj-jar=/usr/share/java/eclipse-ecj.jar --enable-objc-gc --enable-multiarch --disable-werror --with-arch-32=i686 --with-abi=m64 --with-multilib-list=m32,m64,mx32 --with-tune=generic --enable-checking=release --build=x86_64-linux-gnu --host=x86_64-linux-gnu --target=x86_64-linux-gnu
Thread model: posix
gcc version 4.8.4 (Ubuntu 4.8.4-2ubuntu1~14.04.4) 
configure:3659: $? = 0
configure:3648: g++ -V >&5
g++: error: unrecognized command line option '-V'
g++: fatal error: no input files
compilation terminated.
configure:3659: $? = 4
configure:3648: g++ -qversion >&5
g++: error: unrecognized command line option '-qversion'
g++: fatal error: no input files
compilation terminated.
configure:3659: $? = 4
configure:3663: checking whether we are using the GNU C++ compiler
configure:3682: g++ -c   conftest.cpp >&5
configure:3682: $? = 0
configure:3691: result: yes
configure:3700: checking whether g++ accepts -g
configure:3720: g++ -c -g  conftest.cpp >&5
configure:3720: $? = 0
configure:3761: result: yes
configure:3789: checking how to run the C++ preprocessor
configure:3816: g++ -E  conftest.cpp
configure:3816: $? = 0
configure:3830: g++ -E  conftest.cpp
conftest.cpp:16:28: fatal error: ac_nonexistent.h: No such file or directory
 #include <ac_nonexistent.h>
                            ^
compilation terminated.
configure:3830: $? = 1
configure: failed program was:
| /* confdefs.h */
| #define PACKAGE_NAME "QjackCtl"
| #define PACKAGE_TARNAME "qjackctl"
| #define PACKAGE_VERSION "0.5.2"
| #define PACKAGE_STRING "QjackCtl 0.5.2"
| #define PACKAGE_BUGREPORT "rncbc@rncbc.org"
| #define PACKAGE_URL ""
| #define CONFIG_BUILD_VERSION "0.5.2"
| #define CONFIG_VERSION "0.5.2"
| #define CONFIG_PREFIX "/usr/local"
| #define CONFIG_BINDIR "/usr/local/bin"
| #define CONFIG_LIBDIR "/usr/local/lib"
| #define CONFIG_DATADIR "/usr/local/share"
| #define CONFIG_MANDIR "/usr/local/share/man"
| /* end confdefs.h.  */
| #include <ac_nonexistent.h>
configure:3855: result: g++ -E
configure:3875: g++ -E  conftest.cpp
configure:3875: $? = 0
configure:3889: g++ -E  conftest.cpp
conftest.cpp:16:28: fatal error: ac_nonexistent.h: No such file or directory
 #include <ac_nonexistent.h>
                            ^
compilation terminated.
configure:3889: $? = 1
configure: failed program was:
| /* confdefs.h */
| #define PACKAGE_NAME "QjackCtl"
| #define PACKAGE_TARNAME "qjackctl"
| #define PACKAGE_VERSION "0.5.2"
| #define PACKAGE_STRING "QjackCtl 0.5.2"
| #define PACKAGE_BUGREPORT "rncbc@rncbc.org"
| #define PACKAGE_URL ""
| #define CONFIG_BUILD_VERSION "0.5.2"
| #define CONFIG_VERSION "0.5.2"
| #define CONFIG_PREFIX "/usr/local"
| #define CONFIG_BINDIR "/usr/local/bin"
| #define CONFIG_LIBDIR "/usr/local/lib"
| #define CONFIG_DATADIR "/usr/local/share"
| #define CONFIG_MANDIR "/usr/local/share/man"
| /* end confdefs.h.  */
| #include <ac_nonexistent.h>
configure:3981: checking for pkg-config
configure:3999: found /usr/bin/pkg-config
configure:4011: result: /usr/bin/pkg-config
configure:4036: checking pkg-config is at least version 0.9.0
configure:4039: result: yes
configure:4049: checking for g++ major version
configure:4062: result: 4
configure:4150: checking for qmake
configure:4168: found /usr/bin/qmake
configure:4180: result: /usr/bin/qmake
configure:4408: checking for Qt major version
configure:4418: result: 5
configure:4636: checking for Qt install path
configure:4645: result: /usr/lib/x86_64-linux-gnu/qt5/bin
configure:4699: checking for qmake
configure:4717: found /usr/lib/x86_64-linux-gnu/qt5/bin/qmake
configure:4729: result: /usr/lib/x86_64-linux-gnu/qt5/bin/qmake
configure:4758: checking for Qt install headers
configure:4767: result: /usr/include/qt5
configure:4776: checking for Qt install libraries
configure:4785: result: /usr/lib/x86_64-linux-gnu
configure:4831: checking for Qt library version >= 5.1
configure:4852: g++ -c -std=c++11 -g -O2 -I/usr/include/qt5 -fPIC  conftest.cpp >&5
configure:4852: $? = 0
configure:4863: result: yes
configure:4914: checking for moc
configure:4932: found /usr/lib/x86_64-linux-gnu/qt5/bin/moc
configure:4944: result: /usr/lib/x86_64-linux-gnu/qt5/bin/moc
configure:5018: checking for uic
configure:5036: found /usr/lib/x86_64-linux-gnu/qt5/bin/uic
configure:5048: result: /usr/lib/x86_64-linux-gnu/qt5/bin/uic
configure:5122: checking for lupdate
configure:5140: found /usr/bin/lupdate
configure:5152: result: /usr/bin/lupdate
configure:5226: checking for lrelease
configure:5244: found /usr/bin/lrelease
configure:5256: result: /usr/bin/lrelease
configure:5285: checking for main in -lm
configure:5304: g++ -o conftest -std=c++11 -g -O2 -I/usr/include/qt5 -fPIC   conftest.cpp -lm  -L/usr/lib/x86_64-linux-gnu  >&5
configure:5304: $? = 0
configure:5313: result: yes
configure:5324: checking for main in -lX11
configure:5343: g++ -o conftest -std=c++11 -g -O2 -I/usr/include/qt5 -fPIC   conftest.cpp -lX11  -lm -L/usr/lib/x86_64-linux-gnu  >&5
configure:5343: $? = 0
configure:5352: result: yes
configure:5363: checking for main in -lXext
configure:5382: g++ -o conftest -std=c++11 -g -O2 -I/usr/include/qt5 -fPIC   conftest.cpp -lXext  -lX11 -lm -L/usr/lib/x86_64-linux-gnu  >&5
configure:5382: $? = 0
configure:5391: result: yes
configure:5404: checking for lroundf in -lm
configure:5429: g++ -o conftest -std=c++11 -g -O2 -I/usr/include/qt5 -fPIC   conftest.cpp -lm  -lXext -lX11 -lm -L/usr/lib/x86_64-linux-gnu  >&5
configure:5429: $? = 0
configure:5438: result: yes
configure:5455: checking for jack >= 0.100.0
configure:5462: $PKG_CONFIG --exists --print-errors "jack >= 0.100.0"
Package jack was not found in the pkg-config search path.
Perhaps you should add the directory containing `jack.pc'
to the PKG_CONFIG_PATH environment variable
No package 'jack' found
configure:5465: $? = 1
configure:5479: $PKG_CONFIG --exists --print-errors "jack >= 0.100.0"
Package jack was not found in the pkg-config search path.
Perhaps you should add the directory containing `jack.pc'
to the PKG_CONFIG_PATH environment variable
No package 'jack' found
configure:5482: $? = 1
configure:5496: result: no
No package 'jack' found
configure:5534: error: *** JACK library not found.

## ---------------- ##
## Cache variables. ##
## ---------------- ##

ac_cv_build_version=0.5.2
ac_cv_c_compiler_gnu=yes
ac_cv_cxx_compiler_gnu=yes
ac_cv_env_ALSA_CFLAGS_set=
ac_cv_env_ALSA_CFLAGS_value=
ac_cv_env_ALSA_LIBS_set=
ac_cv_env_ALSA_LIBS_value=
ac_cv_env_CCC_set=
ac_cv_env_CCC_value=
ac_cv_env_CC_set=
ac_cv_env_CC_value=
ac_cv_env_CFLAGS_set=
ac_cv_env_CFLAGS_value=
ac_cv_env_CPPFLAGS_set=
ac_cv_env_CPPFLAGS_value=
ac_cv_env_CPP_set=
ac_cv_env_CPP_value=
ac_cv_env_CXXCPP_set=
ac_cv_env_CXXCPP_value=
ac_cv_env_CXXFLAGS_set=
ac_cv_env_CXXFLAGS_value=
ac_cv_env_CXX_set=
ac_cv_env_CXX_value=
ac_cv_env_JACK_CFLAGS_set=
ac_cv_env_JACK_CFLAGS_value=
ac_cv_env_JACK_LIBS_set=
ac_cv_env_JACK_LIBS_value=
ac_cv_env_LDFLAGS_set=
ac_cv_env_LDFLAGS_value=
ac_cv_env_LIBS_set=
ac_cv_env_LIBS_value=
ac_cv_env_PKG_CONFIG_LIBDIR_set=
ac_cv_env_PKG_CONFIG_LIBDIR_value=
ac_cv_env_PKG_CONFIG_PATH_set=
ac_cv_env_PKG_CONFIG_PATH_value=
ac_cv_env_PKG_CONFIG_set=
ac_cv_env_PKG_CONFIG_value=
ac_cv_env_PORTAUDIO_CFLAGS_set=
ac_cv_env_PORTAUDIO_CFLAGS_value=
ac_cv_env_PORTAUDIO_LIBS_set=
ac_cv_env_PORTAUDIO_LIBS_value=
ac_cv_env_QT4DBUS_CFLAGS_set=
ac_cv_env_QT4DBUS_CFLAGS_value=
ac_cv_env_QT4DBUS_LIBS_set=
ac_cv_env_QT4DBUS_LIBS_value=
ac_cv_env_QT5DBUS_CFLAGS_set=
ac_cv_env_QT5DBUS_CFLAGS_value=
ac_cv_env_QT5DBUS_LIBS_set=
ac_cv_env_QT5DBUS_LIBS_value=
ac_cv_env_QT5X11EXTRAS_CFLAGS_set=
ac_cv_env_QT5X11EXTRAS_CFLAGS_value=
ac_cv_env_QT5X11EXTRAS_LIBS_set=
ac_cv_env_QT5X11EXTRAS_LIBS_value=
ac_cv_env_build_alias_set=
ac_cv_env_build_alias_value=
ac_cv_env_host_alias_set=
ac_cv_env_host_alias_value=
ac_cv_env_target_alias_set=
ac_cv_env_target_alias_value=
ac_cv_gxx_version_major=4
ac_cv_lib_X11_main=yes
ac_cv_lib_Xext_main=yes
ac_cv_lib_m_lroundf=yes
ac_cv_lib_m_main=yes
ac_cv_objext=o
ac_cv_path_ac_pt_PKG_CONFIG=/usr/bin/pkg-config
ac_cv_path_ac_pt_ac_cv_qmake=/usr/lib/x86_64-linux-gnu/qt5/bin/qmake
ac_cv_path_ac_pt_ac_lrelease=/usr/bin/lrelease
ac_cv_path_ac_pt_ac_lupdate=/usr/bin/lupdate
ac_cv_path_ac_pt_ac_moc=/usr/lib/x86_64-linux-gnu/qt5/bin/moc
ac_cv_path_ac_pt_ac_qmake=/usr/bin/qmake
ac_cv_path_ac_pt_ac_uic=/usr/lib/x86_64-linux-gnu/qt5/bin/uic
ac_cv_prog_CPP='gcc -E'
ac_cv_prog_CXXCPP='g++ -E'
ac_cv_prog_ac_ct_CC=gcc
ac_cv_prog_ac_ct_CXX=g++
ac_cv_prog_cc_c89=
ac_cv_prog_cc_g=yes
ac_cv_prog_cxx_g=yes
ac_cv_qmake=/usr/lib/x86_64-linux-gnu/qt5/bin/qmake
ac_cv_qt_install_headers=/usr/include/qt5
ac_cv_qt_install_libs=/usr/lib/x86_64-linux-gnu
ac_cv_qt_install_path=/usr/lib/x86_64-linux-gnu/qt5/bin
ac_cv_qt_version_major=5
ac_cv_qtversion=yes
ac_cv_version=0.5.2
ac_pt_ac_cv_qmake=/usr/lib/x86_64-linux-gnu/qt5/bin/qmake

## ----------------- ##
## Output variables. ##
## ----------------- ##

ALSA_CFLAGS=''
ALSA_LIBS=''
CC='gcc'
CFLAGS='-I/usr/include/qt5 -fPIC -g -O2 '
CPP='gcc -E'
CPPFLAGS='-I/usr/include/qt5 -fPIC '
CXX='g++'
CXXCPP='g++ -E'
CXXFLAGS='-std=c++11 -g -O2'
DEFS=''
ECHO_C=''
ECHO_N='-n'
ECHO_T=''
EGREP=''
EXEEXT=''
GREP=''
JACK_CFLAGS=''
JACK_LIBS=''
LDFLAGS=''
LIBOBJS=''
LIBS='-lXext -lX11 -lm -L/usr/lib/x86_64-linux-gnu '
LTLIBOBJS=''
OBJEXT='o'
PACKAGE_BUGREPORT='rncbc@rncbc.org'
PACKAGE_NAME='QjackCtl'
PACKAGE_STRING='QjackCtl 0.5.2'
PACKAGE_TARNAME='qjackctl'
PACKAGE_URL=''
PACKAGE_VERSION='0.5.2'
PATH_SEPARATOR=':'
PKG_CONFIG='/usr/bin/pkg-config'
PKG_CONFIG_LIBDIR=''
PKG_CONFIG_PATH=''
PORTAUDIO_CFLAGS=''
PORTAUDIO_LIBS=''
QT4DBUS_CFLAGS=''
QT4DBUS_LIBS=''
QT5DBUS_CFLAGS=''
QT5DBUS_LIBS=''
QT5X11EXTRAS_CFLAGS=''
QT5X11EXTRAS_LIBS=''
SHELL='/bin/bash'
ac_bindir='/usr/local/bin'
ac_cflags=''
ac_ct_CC='gcc'
ac_ct_CXX='g++'
ac_cv_qmake='/usr/lib/x86_64-linux-gnu/qt5/bin/qmake'
ac_datadir='/usr/local/share'
ac_debug='release'
ac_incpath='/usr/include/qt5 '
ac_ldflags=''
ac_libdir='/usr/local/lib'
ac_libs='-L/usr/lib/x86_64-linux-gnu '
ac_lrelease='/usr/bin/lrelease'
ac_lupdate='/usr/bin/lupdate'
ac_mandir='/usr/local/share/man'
ac_moc='/usr/lib/x86_64-linux-gnu/qt5/bin/moc'
ac_prefix='/usr/local'
ac_qdbus=''
ac_qmake='/usr/lib/x86_64-linux-gnu/qt5/bin/qmake'
ac_qx11extras=''
ac_uic='/usr/lib/x86_64-linux-gnu/qt5/bin/uic'
ac_version='0.5.2'
bindir='${exec_prefix}/bin'
build_alias=''
datadir='${datarootdir}'
datarootdir='/usr/local/share'
docdir='${datarootdir}/doc/${PACKAGE_TARNAME}'
dvidir='${docdir}'
exec_prefix='/usr/local'
host_alias=''
htmldir='${docdir}'
includedir='${prefix}/include'
infodir='${datarootdir}/info'
libdir='${exec_prefix}/lib'
libexecdir='${exec_prefix}/libexec'
localedir='${datarootdir}/locale'
localstatedir='${prefix}/var'
mandir='${datarootdir}/man'
oldincludedir='/usr/include'
pdfdir='${docdir}'
prefix='/usr/local'
program_transform_name='s,x,x,'
psdir='${docdir}'
sbindir='${exec_prefix}/sbin'
sharedstatedir='${prefix}/com'
sysconfdir='${prefix}/etc'
target_alias=''

## ----------- ##
## confdefs.h. ##
## ----------- ##

/* confdefs.h */
#define PACKAGE_NAME "QjackCtl"
#define PACKAGE_TARNAME "qjackctl"
#define PACKAGE_VERSION "0.5.2"
#define PACKAGE_STRING "QjackCtl 0.5.2"
#define PACKAGE_BUGREPORT "rncbc@rncbc.org"
#define PACKAGE_URL ""
#define CONFIG_BUILD_VERSION "0.5.2"
#define CONFIG_VERSION "0.5.2"
#define CONFIG_PREFIX "/usr/local"
#define CONFIG_BINDIR "/usr/local/bin"
#define CONFIG_LIBDIR "/usr/local/lib"
#define CONFIG_DATADIR "/usr/local/share"
#define CONFIG_MANDIR "/usr/local/share/man"
#define HAVE_LIBM 1
#define HAVE_LIBX11 1
#define HAVE_LIBXEXT 1
#define CONFIG_ROUND 1

configure: exit 1
